TN:
SF:dist\useCases\submitFeedbackUseCase.js
FN:9,submit
FN:5,SubmitFeedbackUseCase
FNF:2
FNH:2
FNDA:4,submit
FNDA:1,SubmitFeedbackUseCase
DA:1,1
DA:2,1
DA:3,1
DA:4,1
DA:5,1
DA:6,1
DA:7,1
DA:8,1
DA:9,1
DA:10,4
DA:11,4
DA:12,1
DA:13,1
DA:14,4
DA:15,1
DA:16,1
DA:17,4
DA:18,1
DA:19,1
DA:20,1
DA:21,1
DA:22,1
DA:23,1
DA:24,1
DA:25,1
DA:26,1
DA:27,1
DA:28,1
DA:29,1
DA:30,1
DA:31,1
DA:32,4
DA:33,4
DA:34,4
DA:35,4
DA:36,1
DA:37,1
DA:38,1
DA:39,1
LF:39
LH:39
BRDA:9,0,0,4
BRDA:11,1,0,1
BRDA:14,2,0,3
BRDA:14,3,0,1
BRDA:17,4,0,2
BRDA:17,5,0,1
BRDA:36,6,0,1
BRDA:5,7,0,1
BRF:8
BRH:8
end_of_record
TN:
SF:src\useCases\submitFeedbackUseCase.ts
FN:17,submit
FN:12,SubmitFeedbackUseCase
FNF:2
FNH:2
FNDA:4,submit
FNDA:1,SubmitFeedbackUseCase
DA:1,1
DA:2,1
DA:3,1
DA:4,1
DA:5,1
DA:6,1
DA:7,1
DA:8,1
DA:9,1
DA:10,1
DA:11,1
DA:12,1
DA:13,1
DA:14,1
DA:15,1
DA:16,1
DA:17,1
DA:18,4
DA:19,4
DA:20,4
DA:21,1
DA:22,1
DA:23,3
DA:24,4
DA:25,1
DA:26,1
DA:27,2
DA:28,4
DA:29,1
DA:30,1
DA:31,1
DA:32,1
DA:33,1
DA:34,1
DA:35,1
DA:36,1
DA:37,1
DA:38,1
DA:39,1
DA:40,1
DA:41,1
DA:42,1
DA:43,1
DA:44,1
DA:45,4
DA:46,4
DA:47,4
DA:48,4
DA:49,1
DA:50,1
LF:50
LH:50
BRDA:17,0,0,4
BRDA:20,1,0,1
BRDA:23,2,0,3
BRDA:24,3,0,1
BRDA:27,4,0,2
BRDA:28,5,0,1
BRDA:49,6,0,1
BRDA:12,7,0,1
BRF:8
BRH:8
end_of_record
